<?xml version="1.0" encoding="UTF-8"?>
<!-- Generated by org.testng.reporters.JUnitReportReporter -->
<testsuite hostname="LAPTOP-L3J7KBEK" failures="0" tests="85" name="Runner.Test_Runner" time="1411.926" errors="5" timestamp="2023-05-27T00:20:05 IST" skipped="0">
  <testcase classname="Runner.Test_Runner" name="runScenario" time="23.984"/>
  <system-out/>
  <testcase classname="Runner.Test_Runner" name="runScenario" time="20.524"/>
  <system-out/>
  <testcase classname="Runner.Test_Runner" name="runScenario" time="16.535"/>
  <system-out/>
  <testcase classname="Runner.Test_Runner" name="runScenario" time="17.917"/>
  <system-out/>
  <testcase classname="Runner.Test_Runner" name="runScenario" time="16.441"/>
  <system-out/>
  <testcase classname="Runner.Test_Runner" name="runScenario" time="11.251"/>
  <system-out/>
  <testcase classname="Runner.Test_Runner" name="runScenario" time="13.516"/>
  <system-out/>
  <testcase classname="Runner.Test_Runner" name="runScenario" time="20.143"/>
  <system-out/>
  <testcase classname="Runner.Test_Runner" name="runScenario" time="15.006"/>
  <system-out/>
  <testcase classname="Runner.Test_Runner" name="runScenario" time="20.341"/>
  <system-out/>
  <testcase classname="Runner.Test_Runner" name="runScenario" time="13.451"/>
  <system-out/>
  <testcase classname="Runner.Test_Runner" name="runScenario" time="21.079"/>
  <system-out/>
  <testcase classname="Runner.Test_Runner" name="runScenario" time="14.425"/>
  <system-out/>
  <testcase classname="Runner.Test_Runner" name="runScenario" time="14.910"/>
  <system-out/>
  <testcase classname="Runner.Test_Runner" name="runScenario" time="15.367"/>
  <system-out/>
  <testcase classname="Runner.Test_Runner" name="runScenario" time="13.400"/>
  <system-out/>
  <testcase classname="Runner.Test_Runner" name="runScenario" time="18.184"/>
  <system-out/>
  <testcase classname="Runner.Test_Runner" name="runScenario" time="15.181"/>
  <system-out/>
  <testcase classname="Runner.Test_Runner" name="runScenario" time="21.932"/>
  <system-out/>
  <testcase classname="Runner.Test_Runner" name="runScenario" time="23.276"/>
  <system-out/>
  <testcase classname="Runner.Test_Runner" name="runScenario" time="14.349"/>
  <system-out/>
  <testcase classname="Runner.Test_Runner" name="runScenario" time="17.498"/>
  <system-out/>
  <testcase classname="Runner.Test_Runner" name="runScenario" time="15.294"/>
  <system-out/>
  <testcase classname="Runner.Test_Runner" name="runScenario" time="15.825"/>
  <system-out/>
  <testcase classname="Runner.Test_Runner" name="runScenario" time="23.207"/>
  <system-out/>
  <testcase classname="Runner.Test_Runner" name="runScenario" time="19.959"/>
  <system-out/>
  <testcase classname="Runner.Test_Runner" name="runScenario" time="16.792"/>
  <system-out/>
  <testcase classname="Runner.Test_Runner" name="runScenario" time="16.165"/>
  <system-out/>
  <testcase classname="Runner.Test_Runner" name="runScenario" time="16.761"/>
  <system-out/>
  <testcase classname="Runner.Test_Runner" name="runScenario" time="19.501"/>
  <system-out/>
  <testcase classname="Runner.Test_Runner" name="runScenario" time="15.418"/>
  <system-out/>
  <testcase classname="Runner.Test_Runner" name="runScenario" time="4.121">
    <error message="unknown error: cannot determine loading status
from no such window
  (Session info: chrome=113.0.5672.127)
Build info: version: &#039;4.8.2&#039;, revision: &#039;826dbfc730&#039;
System info: os.name: &#039;Windows 11&#039;, os.arch: &#039;amd64&#039;, os.version: &#039;10.0&#039;, java.version: &#039;17.0.6&#039;
Driver info: org.openqa.selenium.chrome.ChromeDriver
Command: [d154c17400d612a31dd1bf2f92eaa4bb, get {url=https://demo.openmrs.org/openmrs/login.htm}]
Capabilities {acceptInsecureCerts: false, browserName: chrome, browserVersion: 113.0.5672.127, chrome: {chromedriverVersion: 113.0.5672.63 (0e1a4471d5ae..., userDataDir: C:\Users\divya\AppData\Loca...}, goog:chromeOptions: {debuggerAddress: localhost:56881}, networkConnectionEnabled: false, pageLoadStrategy: normal, platformName: WINDOWS, proxy: Proxy(), se:cdp: ws://localhost:56881/devtoo..., se:cdpVersion: 113.0.5672.127, setWindowRect: true, strictFileInteractability: false, timeouts: {implicit: 0, pageLoad: 300000, script: 30000}, unhandledPromptBehavior: dismiss and notify, webauthn:extension:credBlob: true, webauthn:extension:largeBlob: true, webauthn:extension:minPinLength: true, webauthn:extension:prf: true, webauthn:virtualAuthenticators: true}
Session ID: d154c17400d612a31dd1bf2f92eaa4bb" type="org.openqa.selenium.WebDriverException">
      <![CDATA[org.openqa.selenium.WebDriverException: unknown error: cannot determine loading status
from no such window
  (Session info: chrome=113.0.5672.127)
Build info: version: '4.8.2', revision: '826dbfc730'
System info: os.name: 'Windows 11', os.arch: 'amd64', os.version: '10.0', java.version: '17.0.6'
Driver info: org.openqa.selenium.chrome.ChromeDriver
Command: [d154c17400d612a31dd1bf2f92eaa4bb, get {url=https://demo.openmrs.org/openmrs/login.htm}]
Capabilities {acceptInsecureCerts: false, browserName: chrome, browserVersion: 113.0.5672.127, chrome: {chromedriverVersion: 113.0.5672.63 (0e1a4471d5ae..., userDataDir: C:\Users\divya\AppData\Loca...}, goog:chromeOptions: {debuggerAddress: localhost:56881}, networkConnectionEnabled: false, pageLoadStrategy: normal, platformName: WINDOWS, proxy: Proxy(), se:cdp: ws://localhost:56881/devtoo..., se:cdpVersion: 113.0.5672.127, setWindowRect: true, strictFileInteractability: false, timeouts: {implicit: 0, pageLoad: 300000, script: 30000}, unhandledPromptBehavior: dismiss and notify, webauthn:extension:credBlob: true, webauthn:extension:largeBlob: true, webauthn:extension:minPinLength: true, webauthn:extension:prf: true, webauthn:virtualAuthenticators: true}
Session ID: d154c17400d612a31dd1bf2f92eaa4bb
at java.base/jdk.internal.reflect.NativeConstructorAccessorImpl.newInstance0(Native Method)
at java.base/jdk.internal.reflect.NativeConstructorAccessorImpl.newInstance(NativeConstructorAccessorImpl.java:77)
at java.base/jdk.internal.reflect.DelegatingConstructorAccessorImpl.newInstance(DelegatingConstructorAccessorImpl.java:45)
at java.base/java.lang.reflect.Constructor.newInstanceWithCaller(Constructor.java:499)
at java.base/java.lang.reflect.Constructor.newInstance(Constructor.java:480)
at org.openqa.selenium.remote.codec.w3c.W3CHttpResponseCodec.createException(W3CHttpResponseCodec.java:200)
at org.openqa.selenium.remote.codec.w3c.W3CHttpResponseCodec.decode(W3CHttpResponseCodec.java:133)
at org.openqa.selenium.remote.codec.w3c.W3CHttpResponseCodec.decode(W3CHttpResponseCodec.java:53)
at org.openqa.selenium.remote.HttpCommandExecutor.execute(HttpCommandExecutor.java:193)
at org.openqa.selenium.remote.service.DriverCommandExecutor.invokeExecute(DriverCommandExecutor.java:183)
at org.openqa.selenium.remote.service.DriverCommandExecutor.execute(DriverCommandExecutor.java:158)
at org.openqa.selenium.remote.RemoteWebDriver.execute(RemoteWebDriver.java:543)
at org.openqa.selenium.remote.RemoteWebDriver.get(RemoteWebDriver.java:297)
at Hooks.hooks.userShouldNavigateToTheApplication(hooks.java:19)
]]>
    </error>
  </testcase> <!-- runScenario -->
  <system-out/>
  <testcase classname="Runner.Test_Runner" name="runScenario" time="14.005"/>
  <system-out/>
  <testcase classname="Runner.Test_Runner" name="runScenario" time="16.025"/>
  <system-out/>
  <testcase classname="Runner.Test_Runner" name="runScenario" time="16.648"/>
  <system-out/>
  <testcase classname="Runner.Test_Runner" name="runScenario" time="16.778"/>
  <system-out/>
  <testcase classname="Runner.Test_Runner" name="runScenario" time="18.419"/>
  <system-out/>
  <testcase classname="Runner.Test_Runner" name="runScenario" time="18.300"/>
  <system-out/>
  <testcase classname="Runner.Test_Runner" name="runScenario" time="12.455"/>
  <system-out/>
  <testcase classname="Runner.Test_Runner" name="runScenario" time="16.553"/>
  <system-out/>
  <testcase classname="Runner.Test_Runner" name="runScenario" time="20.596"/>
  <system-out/>
  <testcase classname="Runner.Test_Runner" name="runScenario" time="13.083"/>
  <system-out/>
  <testcase classname="Runner.Test_Runner" name="runScenario" time="13.709"/>
  <system-out/>
  <testcase classname="Runner.Test_Runner" name="runScenario" time="2.709">
    <error message="Could not start a new session. Response code 500. Message: session not created
from no such execution context: loader has changed while resolving nodes
  (Session info: chrome=113.0.5672.127) 
Host info: host: &#039;LAPTOP-L3J7KBEK&#039;, ip: &#039;192.168.137.1&#039;
Build info: version: &#039;4.8.2&#039;, revision: &#039;826dbfc730&#039;
System info: os.name: &#039;Windows 11&#039;, os.arch: &#039;amd64&#039;, os.version: &#039;10.0&#039;, java.version: &#039;17.0.6&#039;
Driver info: org.openqa.selenium.chrome.ChromeDriver
Command: [null, newSession {capabilities=[Capabilities {browserName: chrome, goog:chromeOptions: {args: [--remote-allow-origins=*], extensions: []}}], desiredCapabilities=Capabilities {browserName: chrome, goog:chromeOptions: {args: [--remote-allow-origins=*], extensions: []}}}]" type="org.openqa.selenium.SessionNotCreatedException">
      <![CDATA[org.openqa.selenium.SessionNotCreatedException: Could not start a new session. Response code 500. Message: session not created
from no such execution context: loader has changed while resolving nodes
  (Session info: chrome=113.0.5672.127) 
Host info: host: 'LAPTOP-L3J7KBEK', ip: '192.168.137.1'
Build info: version: '4.8.2', revision: '826dbfc730'
System info: os.name: 'Windows 11', os.arch: 'amd64', os.version: '10.0', java.version: '17.0.6'
Driver info: org.openqa.selenium.chrome.ChromeDriver
Command: [null, newSession {capabilities=[Capabilities {browserName: chrome, goog:chromeOptions: {args: [--remote-allow-origins=*], extensions: []}}], desiredCapabilities=Capabilities {browserName: chrome, goog:chromeOptions: {args: [--remote-allow-origins=*], extensions: []}}}]
at org.openqa.selenium.remote.ProtocolHandshake.createSession(ProtocolHandshake.java:148)
at org.openqa.selenium.remote.ProtocolHandshake.createSession(ProtocolHandshake.java:106)
at org.openqa.selenium.remote.ProtocolHandshake.createSession(ProtocolHandshake.java:67)
at org.openqa.selenium.remote.HttpCommandExecutor.execute(HttpCommandExecutor.java:165)
at org.openqa.selenium.remote.service.DriverCommandExecutor.invokeExecute(DriverCommandExecutor.java:183)
at org.openqa.selenium.remote.service.DriverCommandExecutor.execute(DriverCommandExecutor.java:158)
at org.openqa.selenium.remote.RemoteWebDriver.execute(RemoteWebDriver.java:543)
at org.openqa.selenium.remote.RemoteWebDriver.startSession(RemoteWebDriver.java:229)
at org.openqa.selenium.remote.RemoteWebDriver.<init>(RemoteWebDriver.java:157)
at org.openqa.selenium.chromium.ChromiumDriver.<init>(ChromiumDriver.java:101)
at org.openqa.selenium.chrome.ChromeDriver.<init>(ChromeDriver.java:88)
at org.openqa.selenium.chrome.ChromeDriver.<init>(ChromeDriver.java:84)
at org.openqa.selenium.chrome.ChromeDriver.<init>(ChromeDriver.java:52)
at Hooks.hooks.userShouldNavigateToTheApplication(hooks.java:18)
]]>
    </error>
  </testcase> <!-- runScenario -->
  <system-out/>
  <testcase classname="Runner.Test_Runner" name="runScenario" time="17.769"/>
  <system-out/>
  <testcase classname="Runner.Test_Runner" name="runScenario" time="16.858">
    <error message="no such element: Unable to locate element: {&quot;method&quot;:&quot;css selector&quot;,&quot;selector&quot;:&quot;*[name=&#039;givenName&#039;]&quot;}
  (Session info: chrome=113.0.5672.127)
For documentation on this error, please visit: https://selenium.dev/exceptions/#no_such_element
Build info: version: &#039;4.8.2&#039;, revision: &#039;826dbfc730&#039;
System info: os.name: &#039;Windows 11&#039;, os.arch: &#039;amd64&#039;, os.version: &#039;10.0&#039;, java.version: &#039;17.0.6&#039;
Driver info: org.openqa.selenium.chrome.ChromeDriver
Command: [fa575b7929e905f943b472000c256930, findElement {using=name, value=givenName}]
Capabilities {acceptInsecureCerts: false, browserName: chrome, browserVersion: 113.0.5672.127, chrome: {chromedriverVersion: 113.0.5672.63 (0e1a4471d5ae..., userDataDir: C:\Users\divya\AppData\Loca...}, goog:chromeOptions: {debuggerAddress: localhost:56474}, networkConnectionEnabled: false, pageLoadStrategy: normal, platformName: WINDOWS, proxy: Proxy(), se:cdp: ws://localhost:56474/devtoo..., se:cdpVersion: 113.0.5672.127, setWindowRect: true, strictFileInteractability: false, timeouts: {implicit: 0, pageLoad: 300000, script: 30000}, unhandledPromptBehavior: dismiss and notify, webauthn:extension:credBlob: true, webauthn:extension:largeBlob: true, webauthn:extension:minPinLength: true, webauthn:extension:prf: true, webauthn:virtualAuthenticators: true}
Session ID: fa575b7929e905f943b472000c256930" type="org.openqa.selenium.NoSuchElementException">
      <![CDATA[org.openqa.selenium.NoSuchElementException: no such element: Unable to locate element: {"method":"css selector","selector":"*[name='givenName']"}
  (Session info: chrome=113.0.5672.127)
For documentation on this error, please visit: https://selenium.dev/exceptions/#no_such_element
Build info: version: '4.8.2', revision: '826dbfc730'
System info: os.name: 'Windows 11', os.arch: 'amd64', os.version: '10.0', java.version: '17.0.6'
Driver info: org.openqa.selenium.chrome.ChromeDriver
Command: [fa575b7929e905f943b472000c256930, findElement {using=name, value=givenName}]
Capabilities {acceptInsecureCerts: false, browserName: chrome, browserVersion: 113.0.5672.127, chrome: {chromedriverVersion: 113.0.5672.63 (0e1a4471d5ae..., userDataDir: C:\Users\divya\AppData\Loca...}, goog:chromeOptions: {debuggerAddress: localhost:56474}, networkConnectionEnabled: false, pageLoadStrategy: normal, platformName: WINDOWS, proxy: Proxy(), se:cdp: ws://localhost:56474/devtoo..., se:cdpVersion: 113.0.5672.127, setWindowRect: true, strictFileInteractability: false, timeouts: {implicit: 0, pageLoad: 300000, script: 30000}, unhandledPromptBehavior: dismiss and notify, webauthn:extension:credBlob: true, webauthn:extension:largeBlob: true, webauthn:extension:minPinLength: true, webauthn:extension:prf: true, webauthn:virtualAuthenticators: true}
Session ID: fa575b7929e905f943b472000c256930
at java.base/jdk.internal.reflect.NativeConstructorAccessorImpl.newInstance0(Native Method)
at java.base/jdk.internal.reflect.NativeConstructorAccessorImpl.newInstance(NativeConstructorAccessorImpl.java:77)
at java.base/jdk.internal.reflect.DelegatingConstructorAccessorImpl.newInstance(DelegatingConstructorAccessorImpl.java:45)
at java.base/java.lang.reflect.Constructor.newInstanceWithCaller(Constructor.java:499)
at java.base/java.lang.reflect.Constructor.newInstance(Constructor.java:480)
at org.openqa.selenium.remote.codec.w3c.W3CHttpResponseCodec.createException(W3CHttpResponseCodec.java:200)
at org.openqa.selenium.remote.codec.w3c.W3CHttpResponseCodec.decode(W3CHttpResponseCodec.java:133)
at org.openqa.selenium.remote.codec.w3c.W3CHttpResponseCodec.decode(W3CHttpResponseCodec.java:53)
at org.openqa.selenium.remote.HttpCommandExecutor.execute(HttpCommandExecutor.java:193)
at org.openqa.selenium.remote.service.DriverCommandExecutor.invokeExecute(DriverCommandExecutor.java:183)
at org.openqa.selenium.remote.service.DriverCommandExecutor.execute(DriverCommandExecutor.java:158)
at org.openqa.selenium.remote.RemoteWebDriver.execute(RemoteWebDriver.java:543)
at org.openqa.selenium.remote.ElementLocation$ElementFinder$2.findElement(ElementLocation.java:162)
at org.openqa.selenium.remote.ElementLocation.findElement(ElementLocation.java:66)
at org.openqa.selenium.remote.RemoteWebDriver.findElement(RemoteWebDriver.java:352)
at org.openqa.selenium.remote.RemoteWebDriver.findElement(RemoteWebDriver.java:344)
at Pages.homepage.userEnterTheGivenAndFamilyName(homepage.java:191)
at ✽.user enter the given and family name(file:///C:/Users/divya/eclipse-workspace/OpenMRS/src/main/java/feature/home.feature:102)
]]>
    </error>
  </testcase> <!-- runScenario -->
  <system-out/>
  <testcase classname="Runner.Test_Runner" name="runScenario" time="13.988"/>
  <system-out/>
  <testcase classname="Runner.Test_Runner" name="runScenario" time="17.693"/>
  <system-out/>
  <testcase classname="Runner.Test_Runner" name="runScenario" time="16.110"/>
  <system-out/>
  <testcase classname="Runner.Test_Runner" name="runScenario" time="16.568"/>
  <system-out/>
  <testcase classname="Runner.Test_Runner" name="runScenario" time="11.629"/>
  <system-out/>
  <testcase classname="Runner.Test_Runner" name="runScenario" time="12.184"/>
  <system-out/>
  <testcase classname="Runner.Test_Runner" name="runScenario" time="20.229"/>
  <system-out/>
  <testcase classname="Runner.Test_Runner" name="runScenario" time="20.626"/>
  <system-out/>
  <testcase classname="Runner.Test_Runner" name="runScenario" time="18.138"/>
  <system-out/>
  <testcase classname="Runner.Test_Runner" name="runScenario" time="19.493"/>
  <system-out/>
  <testcase classname="Runner.Test_Runner" name="runScenario" time="18.454"/>
  <system-out/>
  <testcase classname="Runner.Test_Runner" name="runScenario" time="17.800"/>
  <system-out/>
  <testcase classname="Runner.Test_Runner" name="runScenario" time="17.271"/>
  <system-out/>
  <testcase classname="Runner.Test_Runner" name="runScenario" time="13.750"/>
  <system-out/>
  <testcase classname="Runner.Test_Runner" name="runScenario" time="14.967"/>
  <system-out/>
  <testcase classname="Runner.Test_Runner" name="runScenario" time="18.802"/>
  <system-out/>
  <testcase classname="Runner.Test_Runner" name="runScenario" time="13.281"/>
  <system-out/>
  <testcase classname="Runner.Test_Runner" name="runScenario" time="19.021"/>
  <system-out/>
  <testcase classname="Runner.Test_Runner" name="runScenario" time="24.871"/>
  <system-out/>
  <testcase classname="Runner.Test_Runner" name="runScenario" time="18.302"/>
  <system-out/>
  <testcase classname="Runner.Test_Runner" name="runScenario" time="18.717"/>
  <system-out/>
  <testcase classname="Runner.Test_Runner" name="runScenario" time="20.609"/>
  <system-out/>
  <testcase classname="Runner.Test_Runner" name="runScenario" time="23.759"/>
  <system-out/>
  <testcase classname="Runner.Test_Runner" name="runScenario" time="15.065"/>
  <system-out/>
  <testcase classname="Runner.Test_Runner" name="runScenario" time="18.264"/>
  <system-out/>
  <testcase classname="Runner.Test_Runner" name="runScenario" time="20.942"/>
  <system-out/>
  <testcase classname="Runner.Test_Runner" name="runScenario" time="2.505">
    <error message="Could not start a new session. Response code 500. Message: session not created
from no such execution context: loader has changed while resolving nodes
  (Session info: chrome=113.0.5672.127) 
Host info: host: &#039;LAPTOP-L3J7KBEK&#039;, ip: &#039;192.168.137.1&#039;
Build info: version: &#039;4.8.2&#039;, revision: &#039;826dbfc730&#039;
System info: os.name: &#039;Windows 11&#039;, os.arch: &#039;amd64&#039;, os.version: &#039;10.0&#039;, java.version: &#039;17.0.6&#039;
Driver info: org.openqa.selenium.chrome.ChromeDriver
Command: [null, newSession {capabilities=[Capabilities {browserName: chrome, goog:chromeOptions: {args: [--remote-allow-origins=*], extensions: []}}], desiredCapabilities=Capabilities {browserName: chrome, goog:chromeOptions: {args: [--remote-allow-origins=*], extensions: []}}}]" type="org.openqa.selenium.SessionNotCreatedException">
      <![CDATA[org.openqa.selenium.SessionNotCreatedException: Could not start a new session. Response code 500. Message: session not created
from no such execution context: loader has changed while resolving nodes
  (Session info: chrome=113.0.5672.127) 
Host info: host: 'LAPTOP-L3J7KBEK', ip: '192.168.137.1'
Build info: version: '4.8.2', revision: '826dbfc730'
System info: os.name: 'Windows 11', os.arch: 'amd64', os.version: '10.0', java.version: '17.0.6'
Driver info: org.openqa.selenium.chrome.ChromeDriver
Command: [null, newSession {capabilities=[Capabilities {browserName: chrome, goog:chromeOptions: {args: [--remote-allow-origins=*], extensions: []}}], desiredCapabilities=Capabilities {browserName: chrome, goog:chromeOptions: {args: [--remote-allow-origins=*], extensions: []}}}]
at org.openqa.selenium.remote.ProtocolHandshake.createSession(ProtocolHandshake.java:148)
at org.openqa.selenium.remote.ProtocolHandshake.createSession(ProtocolHandshake.java:106)
at org.openqa.selenium.remote.ProtocolHandshake.createSession(ProtocolHandshake.java:67)
at org.openqa.selenium.remote.HttpCommandExecutor.execute(HttpCommandExecutor.java:165)
at org.openqa.selenium.remote.service.DriverCommandExecutor.invokeExecute(DriverCommandExecutor.java:183)
at org.openqa.selenium.remote.service.DriverCommandExecutor.execute(DriverCommandExecutor.java:158)
at org.openqa.selenium.remote.RemoteWebDriver.execute(RemoteWebDriver.java:543)
at org.openqa.selenium.remote.RemoteWebDriver.startSession(RemoteWebDriver.java:229)
at org.openqa.selenium.remote.RemoteWebDriver.<init>(RemoteWebDriver.java:157)
at org.openqa.selenium.chromium.ChromiumDriver.<init>(ChromiumDriver.java:101)
at org.openqa.selenium.chrome.ChromeDriver.<init>(ChromeDriver.java:88)
at org.openqa.selenium.chrome.ChromeDriver.<init>(ChromeDriver.java:84)
at org.openqa.selenium.chrome.ChromeDriver.<init>(ChromeDriver.java:52)
at Hooks.hooks.userShouldNavigateToTheApplication(hooks.java:18)
]]>
    </error>
  </testcase> <!-- runScenario -->
  <system-out/>
  <testcase classname="Runner.Test_Runner" name="runScenario" time="19.067"/>
  <system-out/>
  <testcase classname="Runner.Test_Runner" name="runScenario" time="19.226"/>
  <system-out/>
  <testcase classname="Runner.Test_Runner" name="runScenario" time="19.236"/>
  <system-out/>
  <testcase classname="Runner.Test_Runner" name="runScenario" time="17.316">
    <error message="no such element: Unable to locate element: {&quot;method&quot;:&quot;xpath&quot;,&quot;selector&quot;:&quot;//input[@type=&quot;search&quot;]&quot;}
  (Session info: chrome=113.0.5672.127)
For documentation on this error, please visit: https://selenium.dev/exceptions/#no_such_element
Build info: version: &#039;4.8.2&#039;, revision: &#039;826dbfc730&#039;
System info: os.name: &#039;Windows 11&#039;, os.arch: &#039;amd64&#039;, os.version: &#039;10.0&#039;, java.version: &#039;17.0.6&#039;
Driver info: org.openqa.selenium.chrome.ChromeDriver
Command: [eaf6e810f201389091ba2f855efbab08, findElement {using=xpath, value=//input[@type=&quot;search&quot;]}]
Capabilities {acceptInsecureCerts: false, browserName: chrome, browserVersion: 113.0.5672.127, chrome: {chromedriverVersion: 113.0.5672.63 (0e1a4471d5ae..., userDataDir: C:\Users\divya\AppData\Loca...}, goog:chromeOptions: {debuggerAddress: localhost:56198}, networkConnectionEnabled: false, pageLoadStrategy: normal, platformName: WINDOWS, proxy: Proxy(), se:cdp: ws://localhost:56198/devtoo..., se:cdpVersion: 113.0.5672.127, setWindowRect: true, strictFileInteractability: false, timeouts: {implicit: 0, pageLoad: 300000, script: 30000}, unhandledPromptBehavior: dismiss and notify, webauthn:extension:credBlob: true, webauthn:extension:largeBlob: true, webauthn:extension:minPinLength: true, webauthn:extension:prf: true, webauthn:virtualAuthenticators: true}
Session ID: eaf6e810f201389091ba2f855efbab08" type="org.openqa.selenium.NoSuchElementException">
      <![CDATA[org.openqa.selenium.NoSuchElementException: no such element: Unable to locate element: {"method":"xpath","selector":"//input[@type="search"]"}
  (Session info: chrome=113.0.5672.127)
For documentation on this error, please visit: https://selenium.dev/exceptions/#no_such_element
Build info: version: '4.8.2', revision: '826dbfc730'
System info: os.name: 'Windows 11', os.arch: 'amd64', os.version: '10.0', java.version: '17.0.6'
Driver info: org.openqa.selenium.chrome.ChromeDriver
Command: [eaf6e810f201389091ba2f855efbab08, findElement {using=xpath, value=//input[@type="search"]}]
Capabilities {acceptInsecureCerts: false, browserName: chrome, browserVersion: 113.0.5672.127, chrome: {chromedriverVersion: 113.0.5672.63 (0e1a4471d5ae..., userDataDir: C:\Users\divya\AppData\Loca...}, goog:chromeOptions: {debuggerAddress: localhost:56198}, networkConnectionEnabled: false, pageLoadStrategy: normal, platformName: WINDOWS, proxy: Proxy(), se:cdp: ws://localhost:56198/devtoo..., se:cdpVersion: 113.0.5672.127, setWindowRect: true, strictFileInteractability: false, timeouts: {implicit: 0, pageLoad: 300000, script: 30000}, unhandledPromptBehavior: dismiss and notify, webauthn:extension:credBlob: true, webauthn:extension:largeBlob: true, webauthn:extension:minPinLength: true, webauthn:extension:prf: true, webauthn:virtualAuthenticators: true}
Session ID: eaf6e810f201389091ba2f855efbab08
at java.base/jdk.internal.reflect.NativeConstructorAccessorImpl.newInstance0(Native Method)
at java.base/jdk.internal.reflect.NativeConstructorAccessorImpl.newInstance(NativeConstructorAccessorImpl.java:77)
at java.base/jdk.internal.reflect.DelegatingConstructorAccessorImpl.newInstance(DelegatingConstructorAccessorImpl.java:45)
at java.base/java.lang.reflect.Constructor.newInstanceWithCaller(Constructor.java:499)
at java.base/java.lang.reflect.Constructor.newInstance(Constructor.java:480)
at org.openqa.selenium.remote.codec.w3c.W3CHttpResponseCodec.createException(W3CHttpResponseCodec.java:200)
at org.openqa.selenium.remote.codec.w3c.W3CHttpResponseCodec.decode(W3CHttpResponseCodec.java:133)
at org.openqa.selenium.remote.codec.w3c.W3CHttpResponseCodec.decode(W3CHttpResponseCodec.java:53)
at org.openqa.selenium.remote.HttpCommandExecutor.execute(HttpCommandExecutor.java:193)
at org.openqa.selenium.remote.service.DriverCommandExecutor.invokeExecute(DriverCommandExecutor.java:183)
at org.openqa.selenium.remote.service.DriverCommandExecutor.execute(DriverCommandExecutor.java:158)
at org.openqa.selenium.remote.RemoteWebDriver.execute(RemoteWebDriver.java:543)
at org.openqa.selenium.remote.ElementLocation$ElementFinder$2.findElement(ElementLocation.java:162)
at org.openqa.selenium.remote.ElementLocation.findElement(ElementLocation.java:60)
at org.openqa.selenium.remote.RemoteWebDriver.findElement(RemoteWebDriver.java:352)
at org.openqa.selenium.remote.RemoteWebDriver.findElement(RemoteWebDriver.java:344)
at Pages.homepage.userEnterValueIntoTheSearchField(homepage.java:87)
at ✽.user enter value into the search field(file:///C:/Users/divya/eclipse-workspace/OpenMRS/src/main/java/feature/home.feature:50)
]]>
    </error>
  </testcase> <!-- runScenario -->
  <system-out/>
  <testcase classname="Runner.Test_Runner" name="runScenario" time="17.537"/>
  <system-out/>
  <testcase classname="Runner.Test_Runner" name="runScenario" time="14.404"/>
  <system-out/>
  <testcase classname="Runner.Test_Runner" name="runScenario" time="15.317"/>
  <system-out/>
  <testcase classname="Runner.Test_Runner" name="runScenario" time="15.996"/>
  <system-out/>
  <testcase classname="Runner.Test_Runner" name="runScenario" time="16.671"/>
  <system-out/>
  <testcase classname="Runner.Test_Runner" name="runScenario" time="16.108"/>
  <system-out/>
  <testcase classname="Runner.Test_Runner" name="runScenario" time="10.787"/>
  <system-out/>
  <testcase classname="Runner.Test_Runner" name="runScenario" time="11.563"/>
  <system-out/>
</testsuite> <!-- Runner.Test_Runner -->
